<?xml version="1.0" encoding="UTF-8"?>
<!-- Generated by org.testng.reporters.JUnitReportReporter -->
<testsuite hostname="LAPTOP-N1ASVGNK" failures="0" tests="1" name="MobileTesting.Mobile.SwipeAction" time="6.277" errors="0" timestamp="2022-08-04T19:08:08 IST" skipped="0">
  <testcase classname="MobileTesting.Mobile.SwipeAction" name="SwipeActionTest" time="6.277"/>
  <system-out/>
</testsuite> <!-- MobileTesting.Mobile.SwipeAction -->
