<?xml version="1.0" encoding="UTF-8"?>
<!-- Generated by org.testng.reporters.JUnitReportReporter -->
<testsuite hostname="LAPTOP-N1ASVGNK" failures="0" tests="1" name="MobileTesting.Mobile.ScrollAction" time="14.765" errors="0" timestamp="2022-08-04T17:48:17 IST" skipped="0">
  <testcase classname="MobileTesting.Mobile.ScrollAction" name="scrollActionTest" time="14.765"/>
  <system-out/>
</testsuite> <!-- MobileTesting.Mobile.ScrollAction -->
