<?xml version="1.0" encoding="UTF-8"?>
<!-- Generated by org.testng.reporters.JUnitReportReporter -->
<testsuite hostname="LAPTOP-N1ASVGNK" failures="0" tests="1" name="MobileTesting.Mobile.LongPress" time="13.864" errors="0" timestamp="2022-08-04T17:48:17 IST" skipped="0">
  <testcase classname="MobileTesting.Mobile.LongPress" name="longPressGuester" time="13.864"/>
  <system-out/>
</testsuite> <!-- MobileTesting.Mobile.LongPress -->
